0 verbose cli D:\node.exe D:\node_modules\npm\bin\npm-cli.js
1 info using npm@11.9.0
2 info using node@v24.14.0
3 silly config load:file:D:\node_modules\npm\npmrc
4 silly config load:file:D:\Dini's Money Jar\dinis-money-jar-app\.npmrc
5 silly config load:file:C:\Users\julie\.npmrc
6 silly config load:file:C:\Users\julie\AppData\Roaming\npm\etc\npmrc
7 verbose title npm exec eas-cli@latest init
8 verbose argv "exec" "--" "eas-cli@latest" "init"
9 verbose logfile logs-max:10 dir:D:\Dini's Money Jar\dinis-money-jar-app\.npm-cache\_logs\2026-03-23T19_33_39_611Z-
10 verbose logfile D:\Dini's Money Jar\dinis-money-jar-app\.npm-cache\_logs\2026-03-23T19_33_39_611Z-debug-0.log
11 silly logfile done cleaning log files
12 silly packumentCache heap:4496293888 maxSize:1124073472 maxEntrySize:562036736
13 http fetch GET 200 https://registry.npmjs.org/eas-cli 1423ms (cache miss)
14 silly packumentCache heap:4496293888 maxSize:1124073472 maxEntrySize:562036736
15 silly packumentCache heap:4496293888 maxSize:1124073472 maxEntrySize:562036736
16 silly idealTree buildDeps
17 silly fetch manifest eas-cli@18.4.0
18 silly packumentCache full:https://registry.npmjs.org/eas-cli cache-miss
19 http fetch GET 200 https://registry.npmjs.org/eas-cli 574ms (cache miss)
20 silly packumentCache full:https://registry.npmjs.org/eas-cli set size:undefined disposed:false
21 silly placeDep ROOT eas-cli@18.4.0 OK for:  want: 18.4.0
22 silly fetch manifest ajv@8.11.0
23 silly packumentCache full:https://registry.npmjs.org/ajv cache-miss
24 silly fetch manifest joi@17.11.0
25 silly packumentCache full:https://registry.npmjs.org/joi cache-miss
26 silly fetch manifest ora@5.1.0
27 silly packumentCache full:https://registry.npmjs.org/ora cache-miss
28 silly fetch manifest tar@7.5.7
29 silly packumentCache full:https://registry.npmjs.org/tar cache-miss
30 silly fetch manifest zod@^4.1.3
31 silly packumentCache full:https://registry.npmjs.org/zod cache-miss
32 silly fetch manifest diff@7.0.0
33 silly packumentCache full:https://registry.npmjs.org/diff cache-miss
34 silly fetch manifest mime@3.0.0
35 silly packumentCache full:https://registry.npmjs.org/mime cache-miss
36 http fetch GET 200 https://registry.npmjs.org/ajv 1287ms (cache miss)
37 silly packumentCache full:https://registry.npmjs.org/ajv set size:undefined disposed:false
38 silly fetch manifest uuid@9.0.1
39 silly packumentCache full:https://registry.npmjs.org/uuid cache-miss
40 verbose stack Error: Lock compromised
40 verbose stack     at AbortSignal.<anonymous> (D:\node_modules\npm\node_modules\libnpmexec\lib\with-lock.js:53:30)
40 verbose stack     at [nodejs.internal.kHybridDispatch] (node:internal/event_target:843:20)
40 verbose stack     at AbortSignal.dispatchEvent (node:internal/event_target:776:26)
40 verbose stack     at runAbort (node:internal/abort_controller:488:10)
40 verbose stack     at abortSignal (node:internal/abort_controller:459:3)
40 verbose stack     at AbortController.abort (node:internal/abort_controller:507:5)
40 verbose stack     at Timeout.touchLock (D:\node_modules\npm\node_modules\libnpmexec\lib\with-lock.js:164:18)
41 error code ECOMPROMISED
42 error Lock compromised
43 silly unfinished npm timer reify 1774294443719
44 silly unfinished npm timer reify:loadTrees 1774294443720
45 silly unfinished npm timer idealTree 1774294443720
46 silly unfinished npm timer idealTree:buildDeps 1774294443727
47 silly unfinished npm timer idealTree:#root 1774294443727
48 verbose cwd D:\Dini's Money Jar\dinis-money-jar-app
49 verbose os Windows_NT 10.0.26200
50 verbose node v24.14.0
51 verbose npm  v11.9.0
52 verbose exit 1
53 verbose code 1
54 error A complete log of this run can be found in: D:\Dini's Money Jar\dinis-money-jar-app\.npm-cache\_logs\2026-03-23T19_33_39_611Z-debug-0.log
